<?xml version="1.0" encoding="utf-8"?><testsuites name="pytest tests"><testsuite name="pytest" errors="0" failures="0" skipped="0" tests="7" time="9.962" timestamp="2026-05-21T07:30:41.930336+00:00" hostname="agent-env-4d649f6e-a1b7-4eec-9cd2-c268c715757c"><testcase classname="backend.tests.test_section_chat.TestSectionChatValidation" name="test_invalid_section_key_400" time="0.620" /><testcase classname="backend.tests.test_section_chat.TestSectionChatValidation" name="test_non_owned_manuscript_404" time="0.049" /><testcase classname="backend.tests.test_section_chat.TestSectionChatValidation" name="test_missing_message_422" time="0.046" /><testcase classname="backend.tests.test_section_chat.TestSectionChatValidation" name="test_empty_message_422" time="0.052" /><testcase classname="backend.tests.test_section_chat.TestSectionChatValidation" name="test_unauthorized_401" time="0.044" /><testcase classname="backend.tests.test_section_chat.TestSectionChatQuestionFlow" name="test_question_does_not_update_content" time="3.133" /><testcase classname="backend.tests.test_section_chat.TestSectionChatRewriteFlow" name="test_shorten_request_updates_content" time="5.885" /></testsuite></testsuites>