<?xml version="1.0" encoding="utf-8"?><testsuites name="pytest tests"><testsuite name="pytest" errors="0" failures="0" skipped="0" tests="23" time="13.352" timestamp="2026-05-20T07:56:54.735500+00:00" hostname="agent-env-4d649f6e-a1b7-4eec-9cd2-c268c715757c"><testcase classname="backend.tests.backend_test.TestHealth" name="test_root" time="0.126" /><testcase classname="backend.tests.backend_test.TestAuth" name="test_register_new_user" time="0.276" /><testcase classname="backend.tests.backend_test.TestAuth" name="test_register_duplicate" time="0.045" /><testcase classname="backend.tests.backend_test.TestAuth" name="test_login_success" time="0.268" /><testcase classname="backend.tests.backend_test.TestAuth" name="test_login_invalid" time="0.266" /><testcase classname="backend.tests.backend_test.TestAuth" name="test_me_authorized" time="0.321" /><testcase classname="backend.tests.backend_test.TestAuth" name="test_me_unauthorized" time="0.042" /><testcase classname="backend.tests.backend_test.TestAuth" name="test_logout" time="0.043" /><testcase classname="backend.tests.backend_test.TestAuth" name="test_google_session_bad_id" time="0.137" /><testcase classname="backend.tests.backend_test.TestManuscriptsCRUD" name="test_create_manuscript_has_20_sections" time="0.096" /><testcase classname="backend.tests.backend_test.TestManuscriptsCRUD" name="test_list_manuscripts" time="0.094" /><testcase classname="backend.tests.backend_test.TestManuscriptsCRUD" name="test_get_manuscript" time="0.043" /><testcase classname="backend.tests.backend_test.TestManuscriptsCRUD" name="test_get_other_users_manuscript_blocked" time="0.355" /><testcase classname="backend.tests.backend_test.TestManuscriptsCRUD" name="test_patch_manuscript_inputs_and_overrides" time="0.046" /><testcase classname="backend.tests.backend_test.TestManuscriptsCRUD" name="test_delete_manuscript_and_404" time="0.174" /><testcase classname="backend.tests.backend_test.TestSectionGeneration" name="test_generate_invalid_section_key" time="0.045" /><testcase classname="backend.tests.backend_test.TestSectionGeneration" name="test_generate_abstract" time="9.835" /><testcase classname="backend.tests.backend_test.TestReferences" name="test_reference_search" time="0.529" /><testcase classname="backend.tests.backend_test.TestExport" name="test_export_markdown" time="0.045" /><testcase classname="backend.tests.backend_test.TestExport" name="test_export_docx" time="0.168" /><testcase classname="backend.tests.backend_test.TestExport" name="test_export_pdf" time="0.211" /><testcase classname="backend.tests.backend_test.TestExport" name="test_export_bad_format" time="0.044" /><testcase classname="backend.tests.backend_test" name="test_zz_cleanup" time="0.045" /></testsuite></testsuites>