<?xml version="1.0" encoding="utf-8"?><testsuites name="pytest tests"><testsuite name="pytest" errors="0" failures="0" skipped="0" tests="14" time="42.248" timestamp="2026-05-21T08:32:59.364529+00:00" hostname="agent-env-4d649f6e-a1b7-4eec-9cd2-c268c715757c"><testcase classname="backend.tests.test_datalab.TestUpload" name="test_upload_csv_success" time="0.729" /><testcase classname="backend.tests.test_datalab.TestUpload" name="test_upload_invalid_extension" time="0.121" /><testcase classname="backend.tests.test_datalab.TestUpload" name="test_upload_empty_file" time="0.115" /><testcase classname="backend.tests.test_datalab.TestUpload" name="test_upload_non_owned_manuscript_404" time="0.113" /><testcase classname="backend.tests.test_datalab.TestUpload" name="test_datasets_list_grew" time="0.130" /><testcase classname="backend.tests.test_datalab.TestPlot" name="test_boxplot_success" time="0.209" /><testcase classname="backend.tests.test_datalab.TestPlot" name="test_invalid_plot_type_400" time="0.104" /><testcase classname="backend.tests.test_datalab.TestPlot" name="test_boxplot_missing_y_column_400" time="0.108" /><testcase classname="backend.tests.test_datalab.TestPlot" name="test_correlation_heatmap_no_xy_needed" time="0.279" /><testcase classname="backend.tests.test_datalab.TestSuggest" name="test_suggest_returns_structured" time="24.078" /><testcase classname="backend.tests.test_datalab.TestSuggest" name="test_suggest_bad_dataset_404" time="0.126" /><testcase classname="backend.tests.test_datalab.TestFigureCritique" name="test_critique_with_dataset" time="15.299" /><testcase classname="backend.tests.test_datalab.TestFigureCritique" name="test_critique_empty_image_400" time="0.147" /><testcase classname="backend.tests.test_datalab.TestFigureCritique" name="test_critique_oversized_image_400" time="0.624" /></testsuite></testsuites>